<?xml version="1.0" encoding="UTF-8"?>
<!-- Generated by org.testng.reporters.JUnitReportReporter -->
<testsuite hostname="PRADNYA" failures="0" tests="2" name="test.TestNG" time="0.065" errors="0" timestamp="2022-09-13T13:22:13 IST" skipped="0">
  <testcase classname="test.TestNG" name="test" time="0.053"/>
  <system-out/>
  <testcase classname="test.TestNG" name="test1" time="0.012"/>
  <system-out/>
</testsuite> <!-- test.TestNG -->
