<?xml version="1.0" encoding="UTF-8"?>
<!-- Generated by org.testng.reporters.JUnitReportReporter -->
<testsuite hostname="PRADNYA" failures="0" tests="4" name="test.VerifyRoomPageButton" time="131.247" errors="0" timestamp="2022-09-30T21:16:54 IST" skipped="0">
  <testcase classname="test.VerifyRoomPageButton" name="verifyVisitHelpCenterButton" time="53.158"/>
  <system-out/>
  <testcase classname="test.VerifyRoomPageButton" name="verifyVisitHelpCenterButton" time="33.554"/>
  <system-out/>
  <testcase classname="test.VerifyRoomPageButton" name="verifyReturnToMessangerButton" time="30.229"/>
  <system-out/>
  <testcase classname="test.VerifyRoomPageButton" name="verifyReturnToMessangerButton" time="14.306"/>
  <system-out/>
</testsuite> <!-- test.VerifyRoomPageButton -->
