<?xml version="1.0" encoding="UTF-8"?>
<!-- Generated by org.testng.reporters.JUnitReportReporter -->
<testsuite hostname="PRADNYA" failures="0" tests="4" name="test.VerifyRoomPageButton" time="65.343" errors="0" timestamp="2022-09-23T19:01:03 IST" skipped="0">
  <testcase classname="test.VerifyRoomPageButton" name="verifyReturnToMessangerButton" time="9.462"/>
  <system-out/>
  <testcase classname="test.VerifyRoomPageButton" name="verifyReturnToMessangerButton" time="19.819"/>
  <system-out/>
  <testcase classname="test.VerifyRoomPageButton" name="verifyVisitHelpCenterButton" time="28.488"/>
  <system-out/>
  <testcase classname="test.VerifyRoomPageButton" name="verifyVisitHelpCenterButton" time="7.574"/>
  <system-out/>
</testsuite> <!-- test.VerifyRoomPageButton -->
