<?xml version="1.0" encoding="UTF-8"?>
<!-- Generated by org.testng.reporters.JUnitReportReporter -->
<testsuite hostname="PRADNYA" failures="0" tests="4" name="test.VerifyHomePage" time="118.869" errors="0" timestamp="2022-09-23T19:01:03 IST" skipped="0">
  <testcase classname="test.VerifyHomePage" name="verifyMessangerButton" time="48.587"/>
  <system-out/>
  <testcase classname="test.VerifyHomePage" name="verifyNotificationButton" time="16.172"/>
  <system-out/>
  <testcase classname="test.VerifyHomePage" name="verifyMessangerButton" time="34.334"/>
  <system-out/>
  <testcase classname="test.VerifyHomePage" name="verifyNotificationButton" time="19.776"/>
  <system-out/>
</testsuite> <!-- test.VerifyHomePage -->
